<?xml version="1.0" encoding="UTF-8"?>
<!-- Generated by org.testng.reporters.JUnitReportReporter -->
<testsuite skipped="0" hostname="sohels-MacBook-Pro.local" name="com.qa.tests.GetApiTest" tests="1" failures="0" timestamp="2019-10-25T09:44:55 EDT" time="0.530" errors="0">
  <testcase name="getAPITest" time="0.530" classname="com.qa.tests.GetApiTest"/>
</testsuite> <!-- com.qa.tests.GetApiTest -->
